# JRE version: OpenJDK Runtime Environment (11.0.10) (build 11.0.10+0-b96-7249189)
# Java VM: OpenJDK 64-Bit Server VM (11.0.10+0-b96-7249189, mixed mode, tiered, compressed oops, g1 gc, windows-amd64)
Heap:
 garbage-first heap   total 702464K, used 209420K [0x0000000080000000, 0x0000000100000000)
  region size 1024K, 16 young (16384K), 16 survivors (16384K)
 Metaspace       used 145734K, capacity 149502K, committed 150144K, reserved 1179648K
  class space    used 17670K, capacity 19040K, committed 19328K, reserved 1048576K
GC Heap History (20 events):
Event: 451.176 GC heap after
{Heap after GC invocations=162 (full 0):
 garbage-first heap   total 369664K, used 196499K [0x0000000080000000, 0x0000000100000000)
  region size 1024K, 3 young (3072K), 3 survivors (3072K)
 Metaspace       used 143858K, capacity 147559K, committed 148224K, reserved 1177600K
  class space    used 17604K, capacity 18979K, committed 19200K, reserved 1048576K
}
Event: 451.249 GC heap before
{Heap before GC invocations=162 (full 0):
 garbage-first heap   total 369664K, used 210835K [0x0000000080000000, 0x0000000100000000)
  region size 1024K, 18 young (18432K), 3 survivors (3072K)
 Metaspace       used 143863K, capacity 147563K, committed 148224K, reserved 1177600K
  class space    used 17605K, capacity 18981K, committed 19200K, reserved 1048576K
}
Event: 451.265 GC heap after
{Heap after GC invocations=163 (full 0):
 garbage-first heap   total 369664K, used 194509K [0x0000000080000000, 0x0000000100000000)
  region size 1024K, 2 young (2048K), 2 survivors (2048K)
 Metaspace       used 143863K, capacity 147563K, committed 148224K, reserved 1177600K
  class space    used 17605K, capacity 18981K, committed 19200K, reserved 1048576K
}
Event: 451.706 GC heap before
{Heap before GC invocations=163 (full 0):
 garbage-first heap   total 369664K, used 284621K [0x0000000080000000, 0x0000000100000000)
  region size 1024K, 90 young (92160K), 2 survivors (2048K)
 Metaspace       used 143909K, capacity 147637K, committed 148224K, reserved 1177600K
  class space    used 17609K, capacity 18984K, committed 19200K, reserved 1048576K
}
Event: 451.773 GC heap after
{Heap after GC invocations=164 (full 0):
 garbage-first heap   total 526336K, used 198512K [0x0000000080000000, 0x0000000100000000)
  region size 1024K, 5 young (5120K), 5 survivors (5120K)
 Metaspace       used 143909K, capacity 147637K, committed 148224K, reserved 1177600K
  class space    used 17609K, capacity 18984K, committed 19200K, reserved 1048576K
}
Event: 452.709 GC heap before
{Heap before GC invocations=164 (full 0):
 garbage-first heap   total 526336K, used 362352K [0x0000000080000000, 0x0000000100000000)
  region size 1024K, 166 young (169984K), 5 survivors (5120K)
 Metaspace       used 144275K, capacity 147990K, committed 148736K, reserved 1179648K
  class space    used 17611K, capacity 18988K, committed 19200K, reserved 1048576K
}
Event: 452.725 GC heap after
{Heap after GC invocations=165 (full 0):
 garbage-first heap   total 526336K, used 201221K [0x0000000080000000, 0x0000000100000000)
  region size 1024K, 8 young (8192K), 8 survivors (8192K)
 Metaspace       used 144275K, capacity 147990K, committed 148736K, reserved 1179648K
  class space    used 17611K, capacity 18988K, committed 19200K, reserved 1048576K
}
Event: 453.295 GC heap before
{Heap before GC invocations=165 (full 0):
 garbage-first heap   total 526336K, used 372229K [0x0000000080000000, 0x0000000100000000)
  region size 1024K, 175 young (179200K), 8 survivors (8192K)
 Metaspace       used 144548K, capacity 148263K, committed 148992K, reserved 1179648K
  class space    used 17613K, capacity 18991K, committed 19200K, reserved 1048576K
}
Event: 453.311 GC heap after
{Heap after GC invocations=166 (full 0):
 garbage-first heap   total 526336K, used 202638K [0x0000000080000000, 0x0000000100000000)
  region size 1024K, 9 young (9216K), 9 survivors (9216K)
 Metaspace       used 144548K, capacity 148263K, committed 148992K, reserved 1179648K
  class space    used 17613K, capacity 18991K, committed 19200K, reserved 1048576K
}
Event: 454.009 GC heap before
{Heap before GC invocations=166 (full 0):
 garbage-first heap   total 526336K, used 384910K [0x0000000080000000, 0x0000000100000000)
  region size 1024K, 188 young (192512K), 9 survivors (9216K)
 Metaspace       used 144910K, capacity 148636K, committed 149248K, reserved 1179648K
  class space    used 17614K, capacity 18992K, committed 19200K, reserved 1048576K
}
Event: 454.028 GC heap after
{Heap after GC invocations=167 (full 0):
 garbage-first heap   total 526336K, used 204444K [0x0000000080000000, 0x0000000100000000)
  region size 1024K, 11 young (11264K), 11 survivors (11264K)
 Metaspace       used 144910K, capacity 148636K, committed 149248K, reserved 1179648K
  class space    used 17614K, capacity 18992K, committed 19200K, reserved 1048576K
}
Event: 454.623 GC heap before
{Heap before GC invocations=167 (full 0):
 garbage-first heap   total 526336K, used 401052K [0x0000000080000000, 0x0000000100000000)
  region size 1024K, 203 young (207872K), 11 survivors (11264K)
 Metaspace       used 145379K, capacity 149113K, committed 149632K, reserved 1179648K
  class space    used 17661K, capacity 19038K, committed 19328K, reserved 1048576K
}
Event: 454.644 GC heap after
{Heap after GC invocations=168 (full 0):
 garbage-first heap   total 526336K, used 205404K [0x0000000080000000, 0x0000000100000000)
  region size 1024K, 12 young (12288K), 12 survivors (12288K)
 Metaspace       used 145379K, capacity 149113K, committed 149632K, reserved 1179648K
  class space    used 17661K, capacity 19038K, committed 19328K, reserved 1048576K
}
Event: 455.389 GC heap before
{Heap before GC invocations=168 (full 0):
 garbage-first heap   total 526336K, used 412252K [0x0000000080000000, 0x0000000100000000)
  region size 1024K, 214 young (219136K), 12 survivors (12288K)
 Metaspace       used 145563K, capacity 149307K, committed 149888K, reserved 1179648K
  class space    used 17667K, capacity 19046K, committed 19328K, reserved 1048576K
}
Event: 455.442 GC heap after
{Heap after GC invocations=169 (full 0):
 garbage-first heap   total 526336K, used 208558K [0x0000000080000000, 0x0000000100000000)
  region size 1024K, 15 young (15360K), 15 survivors (15360K)
 Metaspace       used 145563K, capacity 149307K, committed 149888K, reserved 1179648K
  class space    used 17667K, capacity 19046K, committed 19328K, reserved 1048576K
}
Event: 456.163 GC heap before
{Heap before GC invocations=169 (full 0):
 garbage-first heap   total 526336K, used 429742K [0x0000000080000000, 0x0000000100000000)
  region size 1024K, 231 young (236544K), 15 survivors (15360K)
 Metaspace       used 145639K, capacity 149390K, committed 149888K, reserved 1179648K
  class space    used 17673K, capacity 19050K, committed 19328K, reserved 1048576K
}
Event: 456.188 GC heap after
{Heap after GC invocations=170 (full 0):
 garbage-first heap   total 526336K, used 210135K [0x0000000080000000, 0x0000000100000000)
  region size 1024K, 17 young (17408K), 17 survivors (17408K)
 Metaspace       used 145639K, capacity 149390K, committed 149888K, reserved 1179648K
  class space    used 17673K, capacity 19050K, committed 19328K, reserved 1048576K
}
Event: 457.123 GC heap before
{Heap before GC invocations=171 (full 0):
 garbage-first heap   total 526336K, used 433367K [0x0000000080000000, 0x0000000100000000)
  region size 1024K, 236 young (241664K), 17 survivors (17408K)
 Metaspace       used 145679K, capacity 149412K, committed 149888K, reserved 1179648K
  class space    used 17662K, capacity 19031K, committed 19328K, reserved 1048576K
}
Event: 457.153 GC heap after
{Heap after GC invocations=172 (full 0):
 garbage-first heap   total 526336K, used 209432K [0x0000000080000000, 0x0000000100000000)
  region size 1024K, 16 young (16384K), 16 survivors (16384K)
 Metaspace       used 145679K, capacity 149412K, committed 149888K, reserved 1179648K
  class space    used 17662K, capacity 19031K, committed 19328K, reserved 1048576K
}
Event: 457.687 GC heap before
{Heap before GC invocations=172 (full 0):
 garbage-first heap   total 526336K, used 436760K [0x0000000080000000, 0x0000000100000000)
  region size 1024K, 238 young (243712K), 16 survivors (16384K)
 Metaspace       used 145734K, capacity 149502K, committed 150144K, reserved 1179648K
  class space    used 17670K, capacity 19040K, committed 19328K, reserved 1048576K
}

